INFO [2014-12-13 15:09:28] ETHA
INFO [2014-12-13 15:11:13] Converged - FALSE, BIC = -Inf
INFO [2014-12-13 15:11:49] Converged - TRUE, BIC = 387553.623598
INFO [2014-12-13 15:12:09] Converged - FALSE, BIC = -Inf
INFO [2014-12-13 15:12:30] Converged - FALSE, BIC = -Inf
INFO [2014-12-13 15:12:46] Converged - FALSE, BIC = -Inf
INFO [2014-12-13 15:12:54] ISON
INFO [2014-12-13 15:14:39] Converged - FALSE, BIC = -Inf
INFO [2014-12-13 15:15:15] Converged - TRUE, BIC = 387553.623598
INFO [2014-12-13 15:15:35] Converged - FALSE, BIC = -Inf
INFO [2014-12-13 15:15:56] Converged - FALSE, BIC = -Inf
INFO [2014-12-13 15:16:12] Converged - FALSE, BIC = -Inf
INFO [2014-12-13 15:16:20] STRE
INFO [2014-12-13 15:18:21] Converged - TRUE, BIC = 362021.864288
INFO [2014-12-13 15:18:53] Converged - FALSE, BIC = -Inf
INFO [2014-12-13 15:19:24] Converged - FALSE, BIC = -Inf
INFO [2014-12-13 15:19:51] Converged - FALSE, BIC = -Inf
INFO [2014-12-13 15:20:10] Converged - FALSE, BIC = -Inf
INFO [2014-12-13 15:20:17] ETHI
INFO [2014-12-13 15:21:53] Converged - FALSE, BIC = -Inf
INFO [2014-12-13 15:22:09] Converged - FALSE, BIC = -Inf
INFO [2014-12-13 15:22:23] Converged - FALSE, BIC = -Inf
INFO [2014-12-13 15:22:38] Converged - FALSE, BIC = -Inf
INFO [2014-12-13 15:23:16] Converged - FALSE, BIC = -Inf
INFO [2014-12-13 15:23:16] PARA
INFO [2014-12-13 15:24:56] Converged - FALSE, BIC = -Inf
INFO [2014-12-13 15:25:22] Converged - TRUE, BIC = 389177.084798
INFO [2014-12-13 15:26:06] Converged - TRUE, BIC = 386371.607636
INFO [2014-12-13 15:26:48] Converged - FALSE, BIC = -Inf
INFO [2014-12-13 15:27:26] Converged - FALSE, BIC = -Inf
INFO [2014-12-13 15:27:33] AMIK
INFO [2014-12-13 15:29:31] Converged - FALSE, BIC = -Inf
INFO [2014-12-13 15:30:02] Converged - FALSE, BIC = -Inf
INFO [2014-12-13 15:30:52] Converged - FALSE, BIC = -Inf
INFO [2014-12-13 15:31:40] Converged - FALSE, BIC = -Inf
INFO [2014-12-13 15:32:24] Converged - FALSE, BIC = -Inf
INFO [2014-12-13 15:32:24] OFLO
INFO [2014-12-13 15:34:46] Converged - FALSE, BIC = -Inf
INFO [2014-12-13 15:35:37] Converged - FALSE, BIC = -Inf
INFO [2014-12-13 15:36:19] Converged - FALSE, BIC = -Inf
INFO [2014-12-13 15:36:51] Converged - FALSE, BIC = -Inf
INFO [2014-12-13 15:37:26] Converged - FALSE, BIC = -Inf
INFO [2014-12-13 15:51:33] ETHA
INFO [2014-12-13 15:53:17] Converged - TRUE, BIC = 8762.263407
INFO [2014-12-13 15:53:38] Converged - FALSE, BIC = -Inf
INFO [2014-12-13 15:53:53] Converged - FALSE, BIC = -Inf
INFO [2014-12-13 15:54:08] Converged - FALSE, BIC = -Inf
INFO [2014-12-13 15:54:20] Converged - FALSE, BIC = -Inf
INFO [2014-12-13 15:54:21] ISON
INFO [2014-12-13 15:56:04] Converged - TRUE, BIC = 8762.263407
INFO [2014-12-13 15:56:24] Converged - FALSE, BIC = -Inf
INFO [2014-12-13 15:56:40] Converged - FALSE, BIC = -Inf
INFO [2014-12-13 15:56:55] Converged - FALSE, BIC = -Inf
INFO [2014-12-13 15:57:08] Converged - FALSE, BIC = -Inf
INFO [2014-12-13 15:57:10] STRE
INFO [2014-12-13 15:59:45] Converged - TRUE, BIC = 7207.428433
INFO [2014-12-13 16:00:31] Converged - FALSE, BIC = -Inf
INFO [2014-12-13 16:00:49] Converged - FALSE, BIC = -Inf
INFO [2014-12-13 16:01:09] Converged - FALSE, BIC = -Inf
INFO [2014-12-13 16:01:30] Converged - FALSE, BIC = -Inf
INFO [2014-12-13 16:01:32] ETHI
INFO [2014-12-13 16:02:33] Converged - TRUE, BIC = 188033.528058
INFO [2014-12-13 16:02:58] Converged - TRUE, BIC = 188056.440878
INFO [2014-12-13 16:03:07] Converged - FALSE, BIC = -Inf
INFO [2014-12-13 16:03:17] Converged - FALSE, BIC = -Inf
INFO [2014-12-13 16:03:27] Converged - FALSE, BIC = -Inf
INFO [2014-12-13 16:03:30] PARA
INFO [2014-12-13 16:04:25] Converged - TRUE, BIC = 168100.150063
INFO [2014-12-13 16:04:40] Converged - FALSE, BIC = -Inf
INFO [2014-12-13 16:04:58] Converged - FALSE, BIC = -Inf
INFO [2014-12-13 16:05:17] Converged - FALSE, BIC = -Inf
INFO [2014-12-13 16:05:34] Converged - FALSE, BIC = -Inf
INFO [2014-12-13 16:05:36] AMIK
INFO [2014-12-13 16:06:59] Converged - TRUE, BIC = 16965.421450
INFO [2014-12-13 16:07:56] Converged - TRUE, BIC = 6139.049321
INFO [2014-12-13 16:08:35] Converged - FALSE, BIC = -Inf
INFO [2014-12-13 16:09:17] Converged - FALSE, BIC = -Inf
INFO [2014-12-13 16:10:01] Converged - FALSE, BIC = -Inf
INFO [2014-12-13 16:10:03] OFLO
INFO [2014-12-13 16:11:41] Converged - TRUE, BIC = 4249.238144
INFO [2014-12-13 16:12:58] Converged - FALSE, BIC = -Inf
INFO [2014-12-13 16:13:57] Converged - FALSE, BIC = -Inf
INFO [2014-12-13 16:14:59] Converged - FALSE, BIC = -Inf
INFO [2014-12-13 16:16:06] Converged - FALSE, BIC = -Inf
INFO [2014-12-13 16:23:11] ETHA
INFO [2014-12-13 16:24:14] Converged - TRUE, BIC = 8762.263407
INFO [2014-12-13 16:24:34] Converged - FALSE, BIC = -Inf
INFO [2014-12-13 16:24:50] Converged - FALSE, BIC = -Inf
INFO [2014-12-13 16:25:05] Converged - FALSE, BIC = -Inf
INFO [2014-12-13 16:25:17] Converged - FALSE, BIC = -Inf
INFO [2014-12-13 16:25:19] ISON
INFO [2014-12-13 16:26:20] Converged - TRUE, BIC = 8762.263407
INFO [2014-12-13 16:26:39] Converged - FALSE, BIC = -Inf
INFO [2014-12-13 16:26:54] Converged - FALSE, BIC = -Inf
INFO [2014-12-13 16:27:09] Converged - FALSE, BIC = -Inf
INFO [2014-12-13 16:27:21] Converged - FALSE, BIC = -Inf
INFO [2014-12-13 16:27:23] STRE
INFO [2014-12-13 16:29:13] Converged - TRUE, BIC = 7207.428433
INFO [2014-12-13 16:29:59] Converged - FALSE, BIC = -Inf
INFO [2014-12-13 16:30:17] Converged - FALSE, BIC = -Inf
INFO [2014-12-13 16:30:36] Converged - FALSE, BIC = -Inf
INFO [2014-12-13 16:30:57] Converged - FALSE, BIC = -Inf
INFO [2014-12-13 16:30:59] ETHI
INFO [2014-12-13 16:31:19] Converged - TRUE, BIC = 188033.528058
INFO [2014-12-13 16:31:44] Converged - TRUE, BIC = 188056.440878
INFO [2014-12-13 16:31:53] Converged - FALSE, BIC = -Inf
INFO [2014-12-13 16:32:03] Converged - FALSE, BIC = -Inf
INFO [2014-12-13 16:32:13] Converged - FALSE, BIC = -Inf
INFO [2014-12-13 16:32:15] PARA
INFO [2014-12-13 16:32:30] Converged - TRUE, BIC = 168100.150063
INFO [2014-12-13 16:32:46] Converged - FALSE, BIC = -Inf
INFO [2014-12-13 16:33:04] Converged - FALSE, BIC = -Inf
INFO [2014-12-13 16:33:24] Converged - FALSE, BIC = -Inf
INFO [2014-12-13 16:33:41] Converged - FALSE, BIC = -Inf
INFO [2014-12-13 16:33:43] AMIK
INFO [2014-12-13 16:34:26] Converged - TRUE, BIC = 16965.421450
INFO [2014-12-13 16:35:25] Converged - TRUE, BIC = 6139.049321
INFO [2014-12-13 16:36:05] Converged - FALSE, BIC = -Inf
INFO [2014-12-13 16:36:49] Converged - FALSE, BIC = -Inf
INFO [2014-12-13 16:37:34] Converged - FALSE, BIC = -Inf
INFO [2014-12-13 16:37:37] OFLO
INFO [2014-12-13 16:38:35] Converged - TRUE, BIC = 4249.238144
INFO [2014-12-13 16:39:53] Converged - FALSE, BIC = -Inf
INFO [2014-12-13 16:40:55] Converged - FALSE, BIC = -Inf
INFO [2014-12-13 16:42:00] Converged - FALSE, BIC = -Inf
INFO [2014-12-13 16:43:07] Converged - FALSE, BIC = -Inf
